<?xml version="1.0" encoding="UTF-8"?>
<coverage generated="1583879075279" clover="3.2.0">
  <project timestamp="1583879075279" name="All files">
    <metrics statements="18" coveredstatements="18" conditionals="0" coveredconditionals="0" methods="0" coveredmethods="0" elements="18" coveredelements="18" complexity="0" loc="18" ncloc="18" packages="1" files="5" classes="5"/>
    <file name="index.js" path="/Users/lambda/Desktop/personal-learning/markep_place_graphQL/typedefs/index.js">
      <metrics statements="6" coveredstatements="6" conditionals="0" coveredconditionals="0" methods="0" coveredmethods="0"/>
      <line num="1" count="1" type="stmt"/>
      <line num="2" count="1" type="stmt"/>
      <line num="3" count="1" type="stmt"/>
      <line num="4" count="1" type="stmt"/>
      <line num="6" count="1" type="stmt"/>
      <line num="8" count="1" type="stmt"/>
    </file>
    <file name="location.schema.js" path="/Users/lambda/Desktop/personal-learning/markep_place_graphQL/typedefs/location.schema.js">
      <metrics statements="3" coveredstatements="3" conditionals="0" coveredconditionals="0" methods="0" coveredmethods="0"/>
      <line num="1" count="1" type="stmt"/>
      <line num="3" count="1" type="stmt"/>
      <line num="28" count="1" type="stmt"/>
    </file>
    <file name="order.schema.js" path="/Users/lambda/Desktop/personal-learning/markep_place_graphQL/typedefs/order.schema.js">
      <metrics statements="3" coveredstatements="3" conditionals="0" coveredconditionals="0" methods="0" coveredmethods="0"/>
      <line num="1" count="1" type="stmt"/>
      <line num="3" count="1" type="stmt"/>
      <line num="34" count="1" type="stmt"/>
    </file>
    <file name="product.schema.js" path="/Users/lambda/Desktop/personal-learning/markep_place_graphQL/typedefs/product.schema.js">
      <metrics statements="3" coveredstatements="3" conditionals="0" coveredconditionals="0" methods="0" coveredmethods="0"/>
      <line num="1" count="1" type="stmt"/>
      <line num="3" count="1" type="stmt"/>
      <line num="81" count="1" type="stmt"/>
    </file>
    <file name="user.schema.js" path="/Users/lambda/Desktop/personal-learning/markep_place_graphQL/typedefs/user.schema.js">
      <metrics statements="3" coveredstatements="3" conditionals="0" coveredconditionals="0" methods="0" coveredmethods="0"/>
      <line num="1" count="1" type="stmt"/>
      <line num="3" count="1" type="stmt"/>
      <line num="38" count="1" type="stmt"/>
    </file>
  </project>
</coverage>
