{"/Users/lambda/Desktop/personal-learning/markep_place_graphQL/typedefs/index.js": {"path":"/Users/lambda/Desktop/personal-learning/markep_place_graphQL/typedefs/index.js","statementMap":{"0":{"start":{"line":1,"column":13},"end":{"line":1,"column":37}},"1":{"start":{"line":2,"column":16},"end":{"line":2,"column":43}},"2":{"start":{"line":3,"column":17},"end":{"line":3,"column":45}},"3":{"start":{"line":4,"column":14},"end":{"line":4,"column":39}},"4":{"start":{"line":6,"column":17},"end":{"line":6,"column":49}},"5":{"start":{"line":8,"column":0},"end":{"line":8,"column":28}}},"fnMap":{},"branchMap":{},"s":{"0":1,"1":1,"2":1,"3":1,"4":1,"5":1},"f":{},"b":{},"_coverageSchema":"1a1c01bbd47fc00a2c39e90264f33305004495a9","hash":"22f431c2441f2c9023429d5707c6471e4bc06349"}
,"/Users/lambda/Desktop/personal-learning/markep_place_graphQL/typedefs/location.schema.js": {"path":"/Users/lambda/Desktop/personal-learning/markep_place_graphQL/typedefs/location.schema.js","statementMap":{"0":{"start":{"line":1,"column":16},"end":{"line":1,"column":40}},"1":{"start":{"line":3,"column":17},"end":{"line":26,"column":1}},"2":{"start":{"line":28,"column":0},"end":{"line":28,"column":26}}},"fnMap":{},"branchMap":{},"s":{"0":1,"1":1,"2":1},"f":{},"b":{},"_coverageSchema":"1a1c01bbd47fc00a2c39e90264f33305004495a9","hash":"dd8cfc1a0880506e44c112e4611088f898982562"}
,"/Users/lambda/Desktop/personal-learning/markep_place_graphQL/typedefs/order.schema.js": {"path":"/Users/lambda/Desktop/personal-learning/markep_place_graphQL/typedefs/order.schema.js","statementMap":{"0":{"start":{"line":1,"column":16},"end":{"line":1,"column":40}},"1":{"start":{"line":3,"column":14},"end":{"line":32,"column":1}},"2":{"start":{"line":34,"column":0},"end":{"line":34,"column":22}}},"fnMap":{},"branchMap":{},"s":{"0":1,"1":1,"2":1},"f":{},"b":{},"_coverageSchema":"1a1c01bbd47fc00a2c39e90264f33305004495a9","hash":"c8f11a0d5b3ecdba0ee284b8bde0f99dfb12b214"}
,"/Users/lambda/Desktop/personal-learning/markep_place_graphQL/typedefs/product.schema.js": {"path":"/Users/lambda/Desktop/personal-learning/markep_place_graphQL/typedefs/product.schema.js","statementMap":{"0":{"start":{"line":1,"column":16},"end":{"line":1,"column":40}},"1":{"start":{"line":3,"column":16},"end":{"line":79,"column":1}},"2":{"start":{"line":81,"column":0},"end":{"line":81,"column":24}}},"fnMap":{},"branchMap":{},"s":{"0":1,"1":1,"2":1},"f":{},"b":{},"_coverageSchema":"1a1c01bbd47fc00a2c39e90264f33305004495a9","hash":"7b78bff23e416855bd9db63b2bea70787ccce6af"}
,"/Users/lambda/Desktop/personal-learning/markep_place_graphQL/typedefs/user.schema.js": {"path":"/Users/lambda/Desktop/personal-learning/markep_place_graphQL/typedefs/user.schema.js","statementMap":{"0":{"start":{"line":1,"column":16},"end":{"line":1,"column":40}},"1":{"start":{"line":3,"column":13},"end":{"line":36,"column":1}},"2":{"start":{"line":38,"column":0},"end":{"line":38,"column":21}}},"fnMap":{},"branchMap":{},"s":{"0":1,"1":1,"2":1},"f":{},"b":{},"_coverageSchema":"1a1c01bbd47fc00a2c39e90264f33305004495a9","hash":"6e55f5c0128a2bbd94f173340954c47696c92f72"}
}
